app/build/intermediates/manifest_merge_blame_file/debug/processDebugMainManifest/manifest-merger-blame-debug-report.txt
1<?xml version="1.0" encoding="utf-8"?>
2<manifest xmlns:android="http://schemas.android.com/apk/res/android"
3    package="com.example.pantrypal"
4    android:versionCode="1"
5    android:versionName="1.0" >
6
7    <uses-sdk
8        android:minSdkVersion="24"
9        android:targetSdkVersion="34" />
10
11    <!-- Internet (AI / APIs) -->
12    <uses-permission android:name="android.permission.INTERNET" />
12-->src\main\AndroidManifest.xml:6:5-67
12-->src\main\AndroidManifest.xml:6:22-64
13
14    <!-- Android 13+ Notifications -->
15    <uses-permission android:name="android.permission.POST_NOTIFICATIONS" />
15-->src\main\AndroidManifest.xml:9:5-77
15-->src\main\AndroidManifest.xml:9:22-74
16    <uses-permission android:name="android.permission.ACCESS_NETWORK_STATE" />
16-->[com.google.firebase:firebase-auth:23.0.0] AndroidManifest.xml:26:5-79
16-->[com.google.firebase:firebase-auth:23.0.0] AndroidManifest.xml:26:22-76
17    <uses-permission android:name="com.google.android.providers.gsf.permission.READ_GSERVICES" />
17-->[com.google.android.recaptcha:recaptcha:18.4.0] AndroidManifest.xml:9:5-98
17-->[com.google.android.recaptcha:recaptcha:18.4.0] AndroidManifest.xml:9:22-95
18    <uses-permission android:name="android.permission.WAKE_LOCK" />
18-->[androidx.work:work-runtime:2.9.0] AndroidManifest.xml:23:5-68
18-->[androidx.work:work-runtime:2.9.0] AndroidManifest.xml:23:22-65
19    <uses-permission android:name="android.permission.RECEIVE_BOOT_COMPLETED" />
19-->[androidx.work:work-runtime:2.9.0] AndroidManifest.xml:25:5-81
19-->[androidx.work:work-runtime:2.9.0] AndroidManifest.xml:25:22-78
20    <uses-permission android:name="android.permission.FOREGROUND_SERVICE" />
20-->[androidx.work:work-runtime:2.9.0] AndroidManifest.xml:26:5-77
20-->[androidx.work:work-runtime:2.9.0] AndroidManifest.xml:26:22-74
21
22    <permission
22-->[androidx.core:core:1.9.0] AndroidManifest.xml:22:5-24:47
23        android:name="com.example.pantrypal.DYNAMIC_RECEIVER_NOT_EXPORTED_PERMISSION"
23-->[androidx.core:core:1.9.0] AndroidManifest.xml:23:9-81
24        android:protectionLevel="signature" />
24-->[androidx.core:core:1.9.0] AndroidManifest.xml:24:9-44
25
26    <uses-permission android:name="com.example.pantrypal.DYNAMIC_RECEIVER_NOT_EXPORTED_PERMISSION" />
26-->[androidx.core:core:1.9.0] AndroidManifest.xml:26:5-97
26-->[androidx.core:core:1.9.0] AndroidManifest.xml:26:22-94
27
28    <application
28-->src\main\AndroidManifest.xml:11:5-55:19
29        android:allowBackup="true"
29-->src\main\AndroidManifest.xml:12:9-35
30        android:appComponentFactory="androidx.core.app.CoreComponentFactory"
30-->[androidx.core:core:1.9.0] AndroidManifest.xml:28:18-86
31        android:debuggable="true"
32        android:extractNativeLibs="false"
33        android:icon="@mipmap/ic_launcher"
33-->src\main\AndroidManifest.xml:13:9-43
34        android:label="PantryPal"
34-->src\main\AndroidManifest.xml:15:9-34
35        android:roundIcon="@mipmap/ic_launcher_round"
35-->src\main\AndroidManifest.xml:14:9-54
36        android:supportsRtl="true"
36-->src\main\AndroidManifest.xml:16:9-35
37        android:testOnly="true"
38        android:theme="@style/Theme.PantryPal" >
38-->src\main\AndroidManifest.xml:17:9-47
39
40        <!-- ================= SPLASH (Launcher) ================= -->
41        <activity
41-->src\main\AndroidManifest.xml:20:9-29:20
42            android:name="com.example.pantrypal.SplashActivity"
42-->src\main\AndroidManifest.xml:21:13-43
43            android:exported="true"
43-->src\main\AndroidManifest.xml:22:13-36
44            android:theme="@style/Theme.PantryPal.Splash" >
44-->src\main\AndroidManifest.xml:23:13-58
45            <intent-filter>
45-->src\main\AndroidManifest.xml:25:13-28:29
46                <action android:name="android.intent.action.MAIN" />
46-->src\main\AndroidManifest.xml:26:17-69
46-->src\main\AndroidManifest.xml:26:25-66
47
48                <category android:name="android.intent.category.LAUNCHER" />
48-->src\main\AndroidManifest.xml:27:17-77
48-->src\main\AndroidManifest.xml:27:27-74
49            </intent-filter>
50        </activity>
51
52        <!-- ================= LOGIN ================= -->
53        <activity
53-->src\main\AndroidManifest.xml:32:9-34:39
54            android:name="com.example.pantrypal.LoginActivity"
54-->src\main\AndroidManifest.xml:33:13-42
55            android:exported="true" />
55-->src\main\AndroidManifest.xml:34:13-36
56
57        <!-- ================= MAIN (Bottom Nav) ================= -->
58        <activity
58-->src\main\AndroidManifest.xml:37:9-39:39
59            android:name="com.example.pantrypal.MainActivity"
59-->src\main\AndroidManifest.xml:38:13-41
60            android:exported="true" />
60-->src\main\AndroidManifest.xml:39:13-36
61
62        <!-- ✅ EDIT PROFILE -->
63        <activity
63-->src\main\AndroidManifest.xml:42:9-44:40
64            android:name="com.example.pantrypal.ui.profile.EditProfileActivity"
64-->src\main\AndroidManifest.xml:43:13-59
65            android:exported="false" />
65-->src\main\AndroidManifest.xml:44:13-37
66
67        <!-- ================= OTHER SCREENS ================= -->
68        <activity
68-->src\main\AndroidManifest.xml:47:9-78
69            android:name="com.example.pantrypal.AddItemActivity"
69-->src\main\AndroidManifest.xml:47:19-50
70            android:exported="false" />
70-->src\main\AndroidManifest.xml:47:51-75
71        <activity
71-->src\main\AndroidManifest.xml:48:9-81
72            android:name="com.example.pantrypal.PantryListActivity"
72-->src\main\AndroidManifest.xml:48:19-53
73            android:exported="false" />
73-->src\main\AndroidManifest.xml:48:54-78
74        <activity
74-->src\main\AndroidManifest.xml:49:9-87
75            android:name="com.example.pantrypal.RecipeSuggestionActivity"
75-->src\main\AndroidManifest.xml:49:19-59
76            android:exported="false" />
76-->src\main\AndroidManifest.xml:49:60-84
77        <activity
77-->src\main\AndroidManifest.xml:50:9-83
78            android:name="com.example.pantrypal.SavedRecipesActivity"
78-->src\main\AndroidManifest.xml:50:19-55
79            android:exported="false" />
79-->src\main\AndroidManifest.xml:50:56-80
80        <activity
80-->src\main\AndroidManifest.xml:51:9-83
81            android:name="com.example.pantrypal.RecipeDetailActivity"
81-->src\main\AndroidManifest.xml:51:19-55
82            android:exported="false" />
82-->src\main\AndroidManifest.xml:51:56-80
83
84        <!-- ❌ ShoppingListActivity REMOVED -->
85
86        <activity
86-->[com.google.firebase:firebase-auth:23.0.0] AndroidManifest.xml:29:9-46:20
87            android:name="com.google.firebase.auth.internal.GenericIdpActivity"
87-->[com.google.firebase:firebase-auth:23.0.0] AndroidManifest.xml:30:13-80
88            android:excludeFromRecents="true"
88-->[com.google.firebase:firebase-auth:23.0.0] AndroidManifest.xml:31:13-46
89            android:exported="true"
89-->[com.google.firebase:firebase-auth:23.0.0] AndroidManifest.xml:32:13-36
90            android:launchMode="singleTask"
90-->[com.google.firebase:firebase-auth:23.0.0] AndroidManifest.xml:33:13-44
91            android:theme="@android:style/Theme.Translucent.NoTitleBar" >
91-->[com.google.firebase:firebase-auth:23.0.0] AndroidManifest.xml:34:13-72
92            <intent-filter>
92-->[com.google.firebase:firebase-auth:23.0.0] AndroidManifest.xml:35:13-45:29
93                <action android:name="android.intent.action.VIEW" />
93-->[com.google.firebase:firebase-auth:23.0.0] AndroidManifest.xml:36:17-69
93-->[com.google.firebase:firebase-auth:23.0.0] AndroidManifest.xml:36:25-66
94
95                <category android:name="android.intent.category.DEFAULT" />
95-->[com.google.firebase:firebase-auth:23.0.0] AndroidManifest.xml:38:17-76
95-->[com.google.firebase:firebase-auth:23.0.0] AndroidManifest.xml:38:27-73
96                <category android:name="android.intent.category.BROWSABLE" />
96-->[com.google.firebase:firebase-auth:23.0.0] AndroidManifest.xml:39:17-78
96-->[com.google.firebase:firebase-auth:23.0.0] AndroidManifest.xml:39:27-75
97
98                <data
98-->[com.google.firebase:firebase-auth:23.0.0] AndroidManifest.xml:41:17-44:51
99                    android:host="firebase.auth"
99-->[com.google.firebase:firebase-auth:23.0.0] AndroidManifest.xml:42:21-49
100                    android:path="/"
100-->[com.google.firebase:firebase-auth:23.0.0] AndroidManifest.xml:43:21-37
101                    android:scheme="genericidp" />
101-->[com.google.firebase:firebase-auth:23.0.0] AndroidManifest.xml:44:21-48
102            </intent-filter>
103        </activity>
104        <activity
104-->[com.google.firebase:firebase-auth:23.0.0] AndroidManifest.xml:47:9-64:20
105            android:name="com.google.firebase.auth.internal.RecaptchaActivity"
105-->[com.google.firebase:firebase-auth:23.0.0] AndroidManifest.xml:48:13-79
106            android:excludeFromRecents="true"
106-->[com.google.firebase:firebase-auth:23.0.0] AndroidManifest.xml:49:13-46
107            android:exported="true"
107-->[com.google.firebase:firebase-auth:23.0.0] AndroidManifest.xml:50:13-36
108            android:launchMode="singleTask"
108-->[com.google.firebase:firebase-auth:23.0.0] AndroidManifest.xml:51:13-44
109            android:theme="@android:style/Theme.Translucent.NoTitleBar" >
109-->[com.google.firebase:firebase-auth:23.0.0] AndroidManifest.xml:52:13-72
110            <intent-filter>
110-->[com.google.firebase:firebase-auth:23.0.0] AndroidManifest.xml:53:13-63:29
111                <action android:name="android.intent.action.VIEW" />
111-->[com.google.firebase:firebase-auth:23.0.0] AndroidManifest.xml:36:17-69
111-->[com.google.firebase:firebase-auth:23.0.0] AndroidManifest.xml:36:25-66
112
113                <category android:name="android.intent.category.DEFAULT" />
113-->[com.google.firebase:firebase-auth:23.0.0] AndroidManifest.xml:38:17-76
113-->[com.google.firebase:firebase-auth:23.0.0] AndroidManifest.xml:38:27-73
114                <category android:name="android.intent.category.BROWSABLE" />
114-->[com.google.firebase:firebase-auth:23.0.0] AndroidManifest.xml:39:17-78
114-->[com.google.firebase:firebase-auth:23.0.0] AndroidManifest.xml:39:27-75
115
116                <data
116-->[com.google.firebase:firebase-auth:23.0.0] AndroidManifest.xml:41:17-44:51
117                    android:host="firebase.auth"
117-->[com.google.firebase:firebase-auth:23.0.0] AndroidManifest.xml:42:21-49
118                    android:path="/"
118-->[com.google.firebase:firebase-auth:23.0.0] AndroidManifest.xml:43:21-37
119                    android:scheme="recaptcha" />
119-->[com.google.firebase:firebase-auth:23.0.0] AndroidManifest.xml:44:21-48
120            </intent-filter>
121        </activity>
122
123        <service
123-->[com.google.firebase:firebase-auth:23.0.0] AndroidManifest.xml:66:9-72:19
124            android:name="com.google.firebase.components.ComponentDiscoveryService"
124-->[com.google.firebase:firebase-auth:23.0.0] AndroidManifest.xml:67:13-84
125            android:directBootAware="true"
125-->[com.google.firebase:firebase-common:21.0.0] AndroidManifest.xml:32:13-43
126            android:exported="false" >
126-->[com.google.firebase:firebase-auth:23.0.0] AndroidManifest.xml:68:13-37
127            <meta-data
127-->[com.google.firebase:firebase-auth:23.0.0] AndroidManifest.xml:69:13-71:85
128                android:name="com.google.firebase.components:com.google.firebase.auth.FirebaseAuthRegistrar"
128-->[com.google.firebase:firebase-auth:23.0.0] AndroidManifest.xml:70:17-109
129                android:value="com.google.firebase.components.ComponentRegistrar" />
129-->[com.google.firebase:firebase-auth:23.0.0] AndroidManifest.xml:71:17-82
130            <meta-data
130-->[com.google.firebase:firebase-common-ktx:21.0.0] AndroidManifest.xml:12:13-14:85
131                android:name="com.google.firebase.components:com.google.firebase.ktx.FirebaseCommonLegacyRegistrar"
131-->[com.google.firebase:firebase-common-ktx:21.0.0] AndroidManifest.xml:13:17-116
132                android:value="com.google.firebase.components.ComponentRegistrar" />
132-->[com.google.firebase:firebase-common-ktx:21.0.0] AndroidManifest.xml:14:17-82
133            <meta-data
133-->[com.google.firebase:firebase-common:21.0.0] AndroidManifest.xml:35:13-37:85
134                android:name="com.google.firebase.components:com.google.firebase.FirebaseCommonKtxRegistrar"
134-->[com.google.firebase:firebase-common:21.0.0] AndroidManifest.xml:36:17-109
135                android:value="com.google.firebase.components.ComponentRegistrar" />
135-->[com.google.firebase:firebase-common:21.0.0] AndroidManifest.xml:37:17-82
136        </service>
137        <service
137-->[androidx.credentials:credentials-play-services-auth:1.2.0-rc01] AndroidManifest.xml:24:9-32:19
138            android:name="androidx.credentials.playservices.CredentialProviderMetadataHolder"
138-->[androidx.credentials:credentials-play-services-auth:1.2.0-rc01] AndroidManifest.xml:25:13-94
139            android:enabled="true"
139-->[androidx.credentials:credentials-play-services-auth:1.2.0-rc01] AndroidManifest.xml:26:13-35
140            android:exported="false" >
140-->[androidx.credentials:credentials-play-services-auth:1.2.0-rc01] AndroidManifest.xml:27:13-37
141            <meta-data
141-->[androidx.credentials:credentials-play-services-auth:1.2.0-rc01] AndroidManifest.xml:29:13-31:104
142                android:name="androidx.credentials.CREDENTIAL_PROVIDER_KEY"
142-->[androidx.credentials:credentials-play-services-auth:1.2.0-rc01] AndroidManifest.xml:30:17-76
143                android:value="androidx.credentials.playservices.CredentialProviderPlayServicesImpl" />
143-->[androidx.credentials:credentials-play-services-auth:1.2.0-rc01] AndroidManifest.xml:31:17-101
144        </service>
145
146        <activity
146-->[androidx.credentials:credentials-play-services-auth:1.2.0-rc01] AndroidManifest.xml:34:9-41:20
147            android:name="androidx.credentials.playservices.HiddenActivity"
147-->[androidx.credentials:credentials-play-services-auth:1.2.0-rc01] AndroidManifest.xml:35:13-76
148            android:configChanges="orientation|screenSize|screenLayout|keyboardHidden"
148-->[androidx.credentials:credentials-play-services-auth:1.2.0-rc01] AndroidManifest.xml:36:13-87
149            android:enabled="true"
149-->[androidx.credentials:credentials-play-services-auth:1.2.0-rc01] AndroidManifest.xml:37:13-35
150            android:exported="false"
150-->[androidx.credentials:credentials-play-services-auth:1.2.0-rc01] AndroidManifest.xml:38:13-37
151            android:fitsSystemWindows="true"
151-->[androidx.credentials:credentials-play-services-auth:1.2.0-rc01] AndroidManifest.xml:39:13-45
152            android:theme="@style/Theme.Hidden" >
152-->[androidx.credentials:credentials-play-services-auth:1.2.0-rc01] AndroidManifest.xml:40:13-48
153        </activity>
154        <activity
154-->[com.google.android.gms:play-services-auth:21.2.0] AndroidManifest.xml:23:9-27:75
155            android:name="com.google.android.gms.auth.api.signin.internal.SignInHubActivity"
155-->[com.google.android.gms:play-services-auth:21.2.0] AndroidManifest.xml:24:13-93
156            android:excludeFromRecents="true"
156-->[com.google.android.gms:play-services-auth:21.2.0] AndroidManifest.xml:25:13-46
157            android:exported="false"
157-->[com.google.android.gms:play-services-auth:21.2.0] AndroidManifest.xml:26:13-37
158            android:theme="@android:style/Theme.Translucent.NoTitleBar" />
158-->[com.google.android.gms:play-services-auth:21.2.0] AndroidManifest.xml:27:13-72
159        <!--
160            Service handling Google Sign-In user revocation. For apps that do not integrate with
161            Google Sign-In, this service will never be started.
162        -->
163        <service
163-->[com.google.android.gms:play-services-auth:21.2.0] AndroidManifest.xml:33:9-37:51
164            android:name="com.google.android.gms.auth.api.signin.RevocationBoundService"
164-->[com.google.android.gms:play-services-auth:21.2.0] AndroidManifest.xml:34:13-89
165            android:exported="true"
165-->[com.google.android.gms:play-services-auth:21.2.0] AndroidManifest.xml:35:13-36
166            android:permission="com.google.android.gms.auth.api.signin.permission.REVOCATION_NOTIFICATION"
166-->[com.google.android.gms:play-services-auth:21.2.0] AndroidManifest.xml:36:13-107
167            android:visibleToInstantApps="true" />
167-->[com.google.android.gms:play-services-auth:21.2.0] AndroidManifest.xml:37:13-48
168
169        <activity
169-->[com.google.android.gms:play-services-base:18.3.0] AndroidManifest.xml:20:9-22:45
170            android:name="com.google.android.gms.common.api.GoogleApiActivity"
170-->[com.google.android.gms:play-services-base:18.3.0] AndroidManifest.xml:20:19-85
171            android:exported="false"
171-->[com.google.android.gms:play-services-base:18.3.0] AndroidManifest.xml:22:19-43
172            android:theme="@android:style/Theme.Translucent.NoTitleBar" />
172-->[com.google.android.gms:play-services-base:18.3.0] AndroidManifest.xml:21:19-78
173
174        <provider
174-->[com.google.firebase:firebase-common:21.0.0] AndroidManifest.xml:23:9-28:39
175            android:name="com.google.firebase.provider.FirebaseInitProvider"
175-->[com.google.firebase:firebase-common:21.0.0] AndroidManifest.xml:24:13-77
176            android:authorities="com.example.pantrypal.firebaseinitprovider"
176-->[com.google.firebase:firebase-common:21.0.0] AndroidManifest.xml:25:13-72
177            android:directBootAware="true"
177-->[com.google.firebase:firebase-common:21.0.0] AndroidManifest.xml:26:13-43
178            android:exported="false"
178-->[com.google.firebase:firebase-common:21.0.0] AndroidManifest.xml:27:13-37
179            android:initOrder="100" />
179-->[com.google.firebase:firebase-common:21.0.0] AndroidManifest.xml:28:13-36
180        <provider
180-->[androidx.work:work-runtime:2.9.0] AndroidManifest.xml:29:9-37:20
181            android:name="androidx.startup.InitializationProvider"
181-->[androidx.work:work-runtime:2.9.0] AndroidManifest.xml:30:13-67
182            android:authorities="com.example.pantrypal.androidx-startup"
182-->[androidx.work:work-runtime:2.9.0] AndroidManifest.xml:31:13-68
183            android:exported="false" >
183-->[androidx.work:work-runtime:2.9.0] AndroidManifest.xml:32:13-37
184            <meta-data
184-->[androidx.work:work-runtime:2.9.0] AndroidManifest.xml:34:13-36:52
185                android:name="androidx.work.WorkManagerInitializer"
185-->[androidx.work:work-runtime:2.9.0] AndroidManifest.xml:35:17-68
186                android:value="androidx.startup" />
186-->[androidx.work:work-runtime:2.9.0] AndroidManifest.xml:36:17-49
187            <meta-data
187-->[androidx.emoji2:emoji2:1.2.0] AndroidManifest.xml:29:13-31:52
188                android:name="androidx.emoji2.text.EmojiCompatInitializer"
188-->[androidx.emoji2:emoji2:1.2.0] AndroidManifest.xml:30:17-75
189                android:value="androidx.startup" />
189-->[androidx.emoji2:emoji2:1.2.0] AndroidManifest.xml:31:17-49
190            <meta-data
190-->[androidx.lifecycle:lifecycle-process:2.6.2] AndroidManifest.xml:29:13-31:52
191                android:name="androidx.lifecycle.ProcessLifecycleInitializer"
191-->[androidx.lifecycle:lifecycle-process:2.6.2] AndroidManifest.xml:30:17-78
192                android:value="androidx.startup" />
192-->[androidx.lifecycle:lifecycle-process:2.6.2] AndroidManifest.xml:31:17-49
193            <meta-data
193-->[androidx.profileinstaller:profileinstaller:1.3.0] AndroidManifest.xml:29:13-31:52
194                android:name="androidx.profileinstaller.ProfileInstallerInitializer"
194-->[androidx.profileinstaller:profileinstaller:1.3.0] AndroidManifest.xml:30:17-85
195                android:value="androidx.startup" />
195-->[androidx.profileinstaller:profileinstaller:1.3.0] AndroidManifest.xml:31:17-49
196        </provider>
197
198        <service
198-->[androidx.work:work-runtime:2.9.0] AndroidManifest.xml:39:9-45:35
199            android:name="androidx.work.impl.background.systemalarm.SystemAlarmService"
199-->[androidx.work:work-runtime:2.9.0] AndroidManifest.xml:40:13-88
200            android:directBootAware="false"
200-->[androidx.work:work-runtime:2.9.0] AndroidManifest.xml:41:13-44
201            android:enabled="@bool/enable_system_alarm_service_default"
201-->[androidx.work:work-runtime:2.9.0] AndroidManifest.xml:42:13-72
202            android:exported="false" />
202-->[androidx.work:work-runtime:2.9.0] AndroidManifest.xml:43:13-37
203        <service
203-->[androidx.work:work-runtime:2.9.0] AndroidManifest.xml:46:9-52:35
204            android:name="androidx.work.impl.background.systemjob.SystemJobService"
204-->[androidx.work:work-runtime:2.9.0] AndroidManifest.xml:47:13-84
205            android:directBootAware="false"
205-->[androidx.work:work-runtime:2.9.0] AndroidManifest.xml:48:13-44
206            android:enabled="@bool/enable_system_job_service_default"
206-->[androidx.work:work-runtime:2.9.0] AndroidManifest.xml:49:13-70
207            android:exported="true"
207-->[androidx.work:work-runtime:2.9.0] AndroidManifest.xml:50:13-36
208            android:permission="android.permission.BIND_JOB_SERVICE" />
208-->[androidx.work:work-runtime:2.9.0] AndroidManifest.xml:51:13-69
209        <service
209-->[androidx.work:work-runtime:2.9.0] AndroidManifest.xml:53:9-59:35
210            android:name="androidx.work.impl.foreground.SystemForegroundService"
210-->[androidx.work:work-runtime:2.9.0] AndroidManifest.xml:54:13-81
211            android:directBootAware="false"
211-->[androidx.work:work-runtime:2.9.0] AndroidManifest.xml:55:13-44
212            android:enabled="@bool/enable_system_foreground_service_default"
212-->[androidx.work:work-runtime:2.9.0] AndroidManifest.xml:56:13-77
213            android:exported="false" />
213-->[androidx.work:work-runtime:2.9.0] AndroidManifest.xml:57:13-37
214
215        <receiver
215-->[androidx.work:work-runtime:2.9.0] AndroidManifest.xml:61:9-66:35
216            android:name="androidx.work.impl.utils.ForceStopRunnable$BroadcastReceiver"
216-->[androidx.work:work-runtime:2.9.0] AndroidManifest.xml:62:13-88
217            android:directBootAware="false"
217-->[androidx.work:work-runtime:2.9.0] AndroidManifest.xml:63:13-44
218            android:enabled="true"
218-->[androidx.work:work-runtime:2.9.0] AndroidManifest.xml:64:13-35
219            android:exported="false" />
219-->[androidx.work:work-runtime:2.9.0] AndroidManifest.xml:65:13-37
220        <receiver
220-->[androidx.work:work-runtime:2.9.0] AndroidManifest.xml:67:9-77:20
221            android:name="androidx.work.impl.background.systemalarm.ConstraintProxy$BatteryChargingProxy"
221-->[androidx.work:work-runtime:2.9.0] AndroidManifest.xml:68:13-106
222            android:directBootAware="false"
222-->[androidx.work:work-runtime:2.9.0] AndroidManifest.xml:69:13-44
223            android:enabled="false"
223-->[androidx.work:work-runtime:2.9.0] AndroidManifest.xml:70:13-36
224            android:exported="false" >
224-->[androidx.work:work-runtime:2.9.0] AndroidManifest.xml:71:13-37
225            <intent-filter>
225-->[androidx.work:work-runtime:2.9.0] AndroidManifest.xml:73:13-76:29
226                <action android:name="android.intent.action.ACTION_POWER_CONNECTED" />
226-->[androidx.work:work-runtime:2.9.0] AndroidManifest.xml:74:17-87
226-->[androidx.work:work-runtime:2.9.0] AndroidManifest.xml:74:25-84
227                <action android:name="android.intent.action.ACTION_POWER_DISCONNECTED" />
227-->[androidx.work:work-runtime:2.9.0] AndroidManifest.xml:75:17-90
227-->[androidx.work:work-runtime:2.9.0] AndroidManifest.xml:75:25-87
228            </intent-filter>
229        </receiver>
230        <receiver
230-->[androidx.work:work-runtime:2.9.0] AndroidManifest.xml:78:9-88:20
231            android:name="androidx.work.impl.background.systemalarm.ConstraintProxy$BatteryNotLowProxy"
231-->[androidx.work:work-runtime:2.9.0] AndroidManifest.xml:79:13-104
232            android:directBootAware="false"
232-->[androidx.work:work-runtime:2.9.0] AndroidManifest.xml:80:13-44
233            android:enabled="false"
233-->[androidx.work:work-runtime:2.9.0] AndroidManifest.xml:81:13-36
234            android:exported="false" >
234-->[androidx.work:work-runtime:2.9.0] AndroidManifest.xml:82:13-37
235            <intent-filter>
235-->[androidx.work:work-runtime:2.9.0] AndroidManifest.xml:84:13-87:29
236                <action android:name="android.intent.action.BATTERY_OKAY" />
236-->[androidx.work:work-runtime:2.9.0] AndroidManifest.xml:85:17-77
236-->[androidx.work:work-runtime:2.9.0] AndroidManifest.xml:85:25-74
237                <action android:name="android.intent.action.BATTERY_LOW" />
237-->[androidx.work:work-runtime:2.9.0] AndroidManifest.xml:86:17-76
237-->[androidx.work:work-runtime:2.9.0] AndroidManifest.xml:86:25-73
238            </intent-filter>
239        </receiver>
240        <receiver
240-->[androidx.work:work-runtime:2.9.0] AndroidManifest.xml:89:9-99:20
241            android:name="androidx.work.impl.background.systemalarm.ConstraintProxy$StorageNotLowProxy"
241-->[androidx.work:work-runtime:2.9.0] AndroidManifest.xml:90:13-104
242            android:directBootAware="false"
242-->[androidx.work:work-runtime:2.9.0] AndroidManifest.xml:91:13-44
243            android:enabled="false"
243-->[androidx.work:work-runtime:2.9.0] AndroidManifest.xml:92:13-36
244            android:exported="false" >
244-->[androidx.work:work-runtime:2.9.0] AndroidManifest.xml:93:13-37
245            <intent-filter>
245-->[androidx.work:work-runtime:2.9.0] AndroidManifest.xml:95:13-98:29
246                <action android:name="android.intent.action.DEVICE_STORAGE_LOW" />
246-->[androidx.work:work-runtime:2.9.0] AndroidManifest.xml:96:17-83
246-->[androidx.work:work-runtime:2.9.0] AndroidManifest.xml:96:25-80
247                <action android:name="android.intent.action.DEVICE_STORAGE_OK" />
247-->[androidx.work:work-runtime:2.9.0] AndroidManifest.xml:97:17-82
247-->[androidx.work:work-runtime:2.9.0] AndroidManifest.xml:97:25-79
248            </intent-filter>
249        </receiver>
250        <receiver
250-->[androidx.work:work-runtime:2.9.0] AndroidManifest.xml:100:9-109:20
251            android:name="androidx.work.impl.background.systemalarm.ConstraintProxy$NetworkStateProxy"
251-->[androidx.work:work-runtime:2.9.0] AndroidManifest.xml:101:13-103
252            android:directBootAware="false"
252-->[androidx.work:work-runtime:2.9.0] AndroidManifest.xml:102:13-44
253            android:enabled="false"
253-->[androidx.work:work-runtime:2.9.0] AndroidManifest.xml:103:13-36
254            android:exported="false" >
254-->[androidx.work:work-runtime:2.9.0] AndroidManifest.xml:104:13-37
255            <intent-filter>
255-->[androidx.work:work-runtime:2.9.0] AndroidManifest.xml:106:13-108:29
256                <action android:name="android.net.conn.CONNECTIVITY_CHANGE" />
256-->[androidx.work:work-runtime:2.9.0] AndroidManifest.xml:107:17-79
256-->[androidx.work:work-runtime:2.9.0] AndroidManifest.xml:107:25-76
257            </intent-filter>
258        </receiver>
259        <receiver
259-->[androidx.work:work-runtime:2.9.0] AndroidManifest.xml:110:9-121:20
260            android:name="androidx.work.impl.background.systemalarm.RescheduleReceiver"
260-->[androidx.work:work-runtime:2.9.0] AndroidManifest.xml:111:13-88
261            android:directBootAware="false"
261-->[androidx.work:work-runtime:2.9.0] AndroidManifest.xml:112:13-44
262            android:enabled="false"
262-->[androidx.work:work-runtime:2.9.0] AndroidManifest.xml:113:13-36
263            android:exported="false" >
263-->[androidx.work:work-runtime:2.9.0] AndroidManifest.xml:114:13-37
264            <intent-filter>
264-->[androidx.work:work-runtime:2.9.0] AndroidManifest.xml:116:13-120:29
265                <action android:name="android.intent.action.BOOT_COMPLETED" />
265-->[androidx.work:work-runtime:2.9.0] AndroidManifest.xml:117:17-79
265-->[androidx.work:work-runtime:2.9.0] AndroidManifest.xml:117:25-76
266                <action android:name="android.intent.action.TIME_SET" />
266-->[androidx.work:work-runtime:2.9.0] AndroidManifest.xml:118:17-73
266-->[androidx.work:work-runtime:2.9.0] AndroidManifest.xml:118:25-70
267                <action android:name="android.intent.action.TIMEZONE_CHANGED" />
267-->[androidx.work:work-runtime:2.9.0] AndroidManifest.xml:119:17-81
267-->[androidx.work:work-runtime:2.9.0] AndroidManifest.xml:119:25-78
268            </intent-filter>
269        </receiver>
270        <receiver
270-->[androidx.work:work-runtime:2.9.0] AndroidManifest.xml:122:9-131:20
271            android:name="androidx.work.impl.background.systemalarm.ConstraintProxyUpdateReceiver"
271-->[androidx.work:work-runtime:2.9.0] AndroidManifest.xml:123:13-99
272            android:directBootAware="false"
272-->[androidx.work:work-runtime:2.9.0] AndroidManifest.xml:124:13-44
273            android:enabled="@bool/enable_system_alarm_service_default"
273-->[androidx.work:work-runtime:2.9.0] AndroidManifest.xml:125:13-72
274            android:exported="false" >
274-->[androidx.work:work-runtime:2.9.0] AndroidManifest.xml:126:13-37
275            <intent-filter>
275-->[androidx.work:work-runtime:2.9.0] AndroidManifest.xml:128:13-130:29
276                <action android:name="androidx.work.impl.background.systemalarm.UpdateProxies" />
276-->[androidx.work:work-runtime:2.9.0] AndroidManifest.xml:129:17-98
276-->[androidx.work:work-runtime:2.9.0] AndroidManifest.xml:129:25-95
277            </intent-filter>
278        </receiver>
279        <receiver
279-->[androidx.work:work-runtime:2.9.0] AndroidManifest.xml:132:9-142:20